<?xml version="1.0" encoding="UTF-8"?>
<!-- Generated by org.testng.reporters.JUnitReportReporter -->
<testsuite skipped="0" hostname="DESKTOP-FEK46KV" name="testNG.Sumo" tests="1" failures="0" timestamp="2021-06-25T23:21:50 IST" time="0.037" errors="0">
  <testcase name="sumo" time="0.037" classname="testNG.Sumo"/>
  <system-out>
    <![CDATA[Hii I am from sumo class]]>
  </system-out>
</testsuite> <!-- testNG.Sumo -->
