<?xml version="1.0" encoding="UTF-8"?>
<!-- Generated by org.testng.reporters.JUnitReportReporter -->
<testsuite skipped="0" hostname="DESKTOP-FEK46KV" name="annotationInTestNG.TstNGAnnotations" tests="2" failures="0" timestamp="2021-06-30T22:56:10 IST" time="0.024" errors="0">
  <testcase name="data" time="0.018" classname="annotationInTestNG.TstNGAnnotations"/>
  <system-out>
    <![CDATA[data provider]]>
  </system-out>
  <testcase name="test" time="0.006" classname="annotationInTestNG.TstNGAnnotations"/>
  <system-out>
    <![CDATA[Test case]]>
  </system-out>
</testsuite> <!-- annotationInTestNG.TstNGAnnotations -->
