<?xml version="1.0" encoding="UTF-8"?>
<!-- Generated by org.testng.reporters.JUnitReportReporter -->
<testsuite skipped="0" hostname="DESKTOP-FEK46KV" name="flagsinTestNG.Flag4" tests="2" failures="0" timestamp="2021-06-29T22:26:12 IST" time="0.073" errors="0">
  <testcase name="logout" time="0.006" classname="flagsinTestNG.Flag4"/>
  <system-out>
    <![CDATA[Logout to the application]]>
  </system-out>
  <testcase name="login" time="0.067" classname="flagsinTestNG.Flag4"/>
  <system-out>
    <![CDATA[login to the application]]>
  </system-out>
</testsuite> <!-- flagsinTestNG.Flag4 -->
