<?xml version="1.0" encoding="UTF-8"?>
<!-- Generated by org.testng.reporters.JUnitReportReporter -->
<testsuite skipped="0" hostname="DESKTOP-FEK46KV" name="annotationInTestNG.TestNgInRealTime" tests="1" failures="0" timestamp="2021-06-30T23:11:42 IST" time="0.018" errors="0">
  <testcase name="createuser" time="0.018" classname="annotationInTestNG.TestNgInRealTime"/>
  <system-out>
    <![CDATA[data provider]]>
  </system-out>
</testsuite> <!-- annotationInTestNG.TestNgInRealTime -->
