<?xml version="1.0" encoding="UTF-8"?>
<!-- Generated by org.testng.reporters.JUnitReportReporter -->
<testsuite skipped="0" hostname="DESKTOP-FEK46KV" name="testNGAnnotationUsedForApp.NewTest" tests="2" failures="0" timestamp="2021-07-04T01:46:28 IST" time="26.071" errors="0">
  <testcase name="loginActiTime" time="11.881" classname="testNGAnnotationUsedForApp.NewTest"/>
  <system-out/>
  <testcase name="loginActiTimeInvalid" time="14.190" classname="testNGAnnotationUsedForApp.NewTest"/>
  <system-out/>
</testsuite> <!-- testNGAnnotationUsedForApp.NewTest -->
