<?xml version="1.0" encoding="UTF-8"?>
<!-- Generated by org.testng.reporters.JUnitReportReporter -->
<testsuite skipped="0" hostname="DESKTOP-FEK46KV" name="testNG.Flag1realTime" tests="3" failures="0" timestamp="2021-06-24T09:51:05 IST" time="0.036" errors="0">
  <testcase name="createuser" time="0.029" classname="testNG.Flag1realTime"/>
  <system-out>
    <![CDATA[create user]]>
  </system-out>
  <testcase name="login" time="0.003" classname="testNG.Flag1realTime"/>
  <system-out>
    <![CDATA[Login into the application]]>
  </system-out>
  <testcase name="logout" time="0.004" classname="testNG.Flag1realTime"/>
  <system-out>
    <![CDATA[Logout from the application]]>
  </system-out>
</testsuite> <!-- testNG.Flag1realTime -->
