<?xml version="1.0" encoding="UTF-8"?>
<!-- Generated by org.testng.reporters.JUnitReportReporter -->
<testsuite skipped="0" hostname="DESKTOP-FEK46KV" name="testNG.Flag4" tests="2" failures="0" timestamp="2021-06-25T21:35:19 IST" time="0.034" errors="0">
  <testcase name="logout" time="0.003" classname="testNG.Flag4"/>
  <system-out>
    <![CDATA[Logout to the application]]>
  </system-out>
  <testcase name="login" time="0.031" classname="testNG.Flag4"/>
  <system-out>
    <![CDATA[login to the application]]>
  </system-out>
</testsuite> <!-- testNG.Flag4 -->
