<?xml version="1.0" encoding="UTF-8"?>
<!-- Generated by org.testng.reporters.JUnitReportReporter -->
<testsuite skipped="1" hostname="DESKTOP-FEK46KV" name="testNG.Flag5" tests="2" failures="0" timestamp="2021-06-25T21:44:22 IST" time="0.027" errors="0">
  <testcase name="login" time="0.027" classname="testNG.Flag5"/>
  <system-out>
    <![CDATA[login]]>
  </system-out>
  <testcase name="logout" classname="testNG.Flag5">
    <skipped/>
  </testcase> <!-- logout -->
  <system-out/>
</testsuite> <!-- testNG.Flag5 -->
