<?xml version="1.0" encoding="UTF-8"?>
<!-- Generated by org.testng.reporters.JUnitReportReporter -->
<testsuite skipped="0" hostname="DESKTOP-FEK46KV" name="testNG.Remo" tests="1" failures="0" timestamp="2021-06-25T23:21:50 IST" time="0.005" errors="0">
  <testcase name="run" time="0.005" classname="testNG.Remo"/>
  <system-out>
    <![CDATA[hi I am from remo class]]>
  </system-out>
</testsuite> <!-- testNG.Remo -->
