<?xml version="1.0" encoding="UTF-8"?>
<!-- Generated by org.testng.reporters.JUnitReportReporter -->
<testsuite skipped="0" hostname="DESKTOP-FEK46KV" name="annotationInTestNG.TestNGAnnotationUpdated" tests="2" failures="0" timestamp="2021-06-30T09:11:00 IST" time="0.038" errors="0">
  <testcase name="createUser" time="0.005" classname="annotationInTestNG.TestNGAnnotationUpdated"/>
  <system-out>
    <![CDATA[the user is created]]>
  </system-out>
  <testcase name="addEmployee" time="0.033" classname="annotationInTestNG.TestNGAnnotationUpdated"/>
  <system-out>
    <![CDATA[Add the employee]]>
  </system-out>
</testsuite> <!-- annotationInTestNG.TestNGAnnotationUpdated -->
