<?xml version="1.0" encoding="UTF-8"?>
<!-- Generated by org.testng.reporters.JUnitReportReporter -->
<testsuite skipped="0" hostname="DESKTOP-FEK46KV" name="parallelexes.Class1" tests="2" failures="0" timestamp="2021-06-29T23:47:59 IST" time="17.332" errors="0">
  <testcase name="setUp" time="16.560" classname="parallelexes.Class1"/>
  <system-out/>
  <testcase name="tearDown" time="0.772" classname="parallelexes.Class1"/>
  <system-out/>
</testsuite> <!-- parallelexes.Class1 -->
