<?xml version="1.0" encoding="UTF-8"?>
<!-- Generated by org.testng.reporters.JUnitReportReporter -->
<testsuite skipped="0" hostname="DESKTOP-FEK46KV" name="parallelexes.MethodsParallely$MethodsParallelly" tests="2" failures="0" timestamp="2021-06-29T23:22:26 IST" time="16.569" errors="0">
  <testcase name="methodB" time="6.846" classname="parallelexes.MethodsParallely$MethodsParallelly"/>
  <system-out/>
  <testcase name="methodA" time="9.723" classname="parallelexes.MethodsParallely$MethodsParallelly"/>
  <system-out/>
</testsuite> <!-- parallelexes.MethodsParallely$MethodsParallelly -->
