<?xml version="1.0" encoding="UTF-8"?>
<!-- Generated by org.testng.reporters.JUnitReportReporter -->
<testsuite skipped="0" hostname="DESKTOP-FEK46KV" name="parallelexes.CheckMethodsAreParallelOrNot" tests="2" failures="0" timestamp="2021-06-29T23:10:27 IST" time="0.062" errors="0">
  <testcase name="methodB" time="0.031" classname="parallelexes.CheckMethodsAreParallelOrNot"/>
  <system-out>
    <![CDATA[hii, I am method2  15]]>
  </system-out>
  <testcase name="methodA" time="0.031" classname="parallelexes.CheckMethodsAreParallelOrNot"/>
  <system-out>
    <![CDATA[Hii,I am Method1  14]]>
  </system-out>
</testsuite> <!-- parallelexes.CheckMethodsAreParallelOrNot -->
