<?xml version="1.0" encoding="UTF-8"?>
<!-- Generated by org.testng.reporters.JUnitReportReporter -->
<testsuite skipped="0" hostname="DESKTOP-FEK46KV" name="testNG.Demo" tests="1" failures="0" timestamp="2021-06-25T23:21:50 IST" time="0.004" errors="0">
  <testcase name="f" time="0.004" classname="testNG.Demo"/>
  <system-out>
    <![CDATA[hii I am from demo class]]>
  </system-out>
</testsuite> <!-- testNG.Demo -->
