<?xml version="1.0" encoding="UTF-8"?>
<!-- Generated by org.testng.reporters.JUnitReportReporter -->
<testsuite skipped="0" hostname="DESKTOP-FEK46KV" name="flagsinTestNG.Flag1" tests="6" failures="0" timestamp="2021-06-24T09:14:07 IST" time="0.043" errors="0">
  <testcase name="d" time="0.004" classname="flagsinTestNG.Flag1"/>
  <system-out>
    <![CDATA[method b]]>
  </system-out>
  <testcase name="e" time="0.003" classname="flagsinTestNG.Flag1"/>
  <system-out>
    <![CDATA[method f]]>
  </system-out>
  <testcase name="c" time="0.027" classname="flagsinTestNG.Flag1"/>
  <system-out>
    <![CDATA[method c]]>
  </system-out>
  <testcase name="b" time="0.003" classname="flagsinTestNG.Flag1"/>
  <system-out>
    <![CDATA[method d]]>
  </system-out>
  <testcase name="a" time="0.003" classname="flagsinTestNG.Flag1"/>
  <system-out>
    <![CDATA[method a]]>
  </system-out>
  <testcase name="f" time="0.003" classname="flagsinTestNG.Flag1"/>
  <system-out>
    <![CDATA[method e7]]>
  </system-out>
</testsuite> <!-- flagsinTestNG.Flag1 -->
