<?xml version="1.0" encoding="UTF-8"?>
<!-- Generated by org.testng.reporters.JUnitReportReporter -->
<testsuite skipped="0" hostname="DESKTOP-FEK46KV" name="testNG.Flag7" tests="12" failures="0" timestamp="2021-06-26T00:03:50 IST" time="0.063" errors="0">
  <testcase name="it6" time="0.003" classname="testNG.Flag7"/>
  <system-out>
    <![CDATA[it6]]>
  </system-out>
  <testcase name="it5" time="0.002" classname="testNG.Flag7"/>
  <system-out>
    <![CDATA[it5]]>
  </system-out>
  <testcase name="it3" time="0.004" classname="testNG.Flag7"/>
  <system-out>
    <![CDATA[it3]]>
  </system-out>
  <testcase name="ft2" time="0.003" classname="testNG.Flag7"/>
  <system-out>
    <![CDATA[ft2]]>
  </system-out>
  <testcase name="ft3" time="0.002" classname="testNG.Flag7"/>
  <system-out>
    <![CDATA[ft3]]>
  </system-out>
  <testcase name="it2" time="0.003" classname="testNG.Flag7"/>
  <system-out>
    <![CDATA[it2]]>
  </system-out>
  <testcase name="ft4" time="0.004" classname="testNG.Flag7"/>
  <system-out>
    <![CDATA[ft4]]>
  </system-out>
  <testcase name="it4" time="0.003" classname="testNG.Flag7"/>
  <system-out>
    <![CDATA[it4]]>
  </system-out>
  <testcase name="ft6" time="0.003" classname="testNG.Flag7"/>
  <system-out>
    <![CDATA[ft6]]>
  </system-out>
  <testcase name="it1" time="0.003" classname="testNG.Flag7"/>
  <system-out>
    <![CDATA[it1]]>
  </system-out>
  <testcase name="ft1" time="0.029" classname="testNG.Flag7"/>
  <system-out>
    <![CDATA[ft1]]>
  </system-out>
  <testcase name="ft5" time="0.004" classname="testNG.Flag7"/>
  <system-out>
    <![CDATA[ft5]]>
  </system-out>
</testsuite> <!-- testNG.Flag7 -->
