<?xml version="1.0" encoding="UTF-8"?>
<!-- Generated by org.testng.reporters.JUnitReportReporter -->
<testsuite skipped="0" hostname="DESKTOP-FEK46KV" name="dataParameterization.ActiTimeLogin" tests="2" failures="0" timestamp="2021-06-29T17:52:19 IST" time="0.032" errors="0">
  <testcase name="loginActiTime" time="0.005" classname="dataParameterization.ActiTimeLogin"/>
  <system-out>
    <![CDATA[invalid input]]>
  </system-out>
  <testcase name="loginActiTime" time="0.027" classname="dataParameterization.ActiTimeLogin"/>
  <system-out>
    <![CDATA[invalid input]]>
  </system-out>
</testsuite> <!-- dataParameterization.ActiTimeLogin -->
