<?xml version="1.0" encoding="UTF-8"?>
<!-- Generated by org.testng.reporters.JUnitReportReporter -->
<testsuite skipped="0" hostname="DESKTOP-FEK46KV" name="parallelexes.Class4" tests="2" failures="0" timestamp="2021-06-29T23:47:59 IST" time="17.203" errors="0">
  <testcase name="setUp" time="16.522" classname="parallelexes.Class4"/>
  <system-out/>
  <testcase name="tearDown" time="0.681" classname="parallelexes.Class4"/>
  <system-out/>
</testsuite> <!-- parallelexes.Class4 -->
