<?xml version="1.0" encoding="UTF-8"?>
<!-- Generated by org.testng.reporters.JUnitReportReporter -->
<testsuite skipped="0" hostname="DESKTOP-FEK46KV" name="parallelexes.Class3" tests="2" failures="0" timestamp="2021-06-29T23:47:59 IST" time="17.203" errors="0">
  <testcase name="tearDown" time="1.360" classname="parallelexes.Class3"/>
  <system-out/>
  <testcase name="setUp" time="15.843" classname="parallelexes.Class3"/>
  <system-out/>
</testsuite> <!-- parallelexes.Class3 -->
